c:\repos\physx-practice\physx-practice\x64\debug\vc143.pdb
c:\repos\physx-practice\physx-practice\x64\debug\vc143.idb
c:\repos\physx-practice\physx-practice\x64\debug\physx-practice.obj
c:\repos\physx-practice\physx-practice\x64\debug\physicsengine.obj
c:\repos\physx-practice\physx-practice\x64\debug\billiardsgame.obj
c:\repos\physx-practice\physx-practice\x64\debug\game.obj
c:\repos\physx-practice\physx-practice\x64\debug\cue.obj
c:\repos\physx-practice\x64\debug\physx-practice.exe
c:\repos\physx-practice\x64\debug\physx-practice.pdb
c:\repos\physx-practice\physx-practice\x64\debug\physx-practice.ilk
c:\repos\physx-practice\physx-practice\x64\debug\physx-practice.tlog\cl.command.1.tlog
c:\repos\physx-practice\physx-practice\x64\debug\physx-practice.tlog\cl.items.tlog
c:\repos\physx-practice\physx-practice\x64\debug\physx-practice.tlog\cl.read.1.tlog
c:\repos\physx-practice\physx-practice\x64\debug\physx-practice.tlog\cl.write.1.tlog
c:\repos\physx-practice\physx-practice\x64\debug\physx-practice.tlog\link-cvtres.read.1.tlog
c:\repos\physx-practice\physx-practice\x64\debug\physx-practice.tlog\link-cvtres.write.1.tlog
c:\repos\physx-practice\physx-practice\x64\debug\physx-practice.tlog\link-rc.read.1.tlog
c:\repos\physx-practice\physx-practice\x64\debug\physx-practice.tlog\link-rc.write.1.tlog
c:\repos\physx-practice\physx-practice\x64\debug\physx-practice.tlog\link.command.1.tlog
c:\repos\physx-practice\physx-practice\x64\debug\physx-practice.tlog\link.read.1.tlog
c:\repos\physx-practice\physx-practice\x64\debug\physx-practice.tlog\link.read.2.tlog
c:\repos\physx-practice\physx-practice\x64\debug\physx-practice.tlog\link.secondary.1.tlog
c:\repos\physx-practice\physx-practice\x64\debug\physx-practice.tlog\link.write.1.tlog
